2024-11-13 16:19:17,780 - INFO - [31m[1mWARNING: This is a development server. Do not use it in a production deployment. Use a production WSGI server instead.[0m
 * Running on all addresses (0.0.0.0)
 * Running on http://127.0.0.1:5000
 * Running on http://192.168.1.45:5000
2024-11-13 16:19:17,781 - INFO - [33mPress CTRL+C to quit[0m
2024-11-13 16:24:29,961 - INFO - [31m[1mWARNING: This is a development server. Do not use it in a production deployment. Use a production WSGI server instead.[0m
 * Running on all addresses (0.0.0.0)
 * Running on http://127.0.0.1:5000
 * Running on http://192.168.1.45:5000
2024-11-13 16:24:29,961 - INFO - [33mPress CTRL+C to quit[0m
2024-11-13 16:25:38,652 - INFO - [31m[1mWARNING: This is a development server. Do not use it in a production deployment. Use a production WSGI server instead.[0m
 * Running on all addresses (0.0.0.0)
 * Running on http://127.0.0.1:5000
 * Running on http://192.168.1.45:5000
2024-11-13 16:25:38,653 - INFO - [33mPress CTRL+C to quit[0m
2024-11-13 16:26:00,779 - INFO - Richiesta ricevuta: {}
2024-11-13 16:26:00,821 - INFO - 127.0.0.1 - - [13/Nov/2024 16:26:00] "[33mPOST /send_choice HTTP/1.1[0m" 404 -
2024-11-13 16:26:01,538 - INFO - Risposta inviata: Is there something I can help you with?
2024-11-13 16:26:01,538 - INFO - 127.0.0.1 - - [13/Nov/2024 16:26:01] "POST /get_suggestion HTTP/1.1" 200 -
2024-11-13 16:26:05,094 - INFO - Richiesta ricevuta: {}
2024-11-13 16:26:05,711 - INFO - Risposta inviata: Is there something I can help you with?
2024-11-13 16:26:05,712 - INFO - 127.0.0.1 - - [13/Nov/2024 16:26:05] "POST /get_suggestion HTTP/1.1" 200 -
2024-11-13 16:29:09,937 - INFO - [31m[1mWARNING: This is a development server. Do not use it in a production deployment. Use a production WSGI server instead.[0m
 * Running on all addresses (0.0.0.0)
 * Running on http://127.0.0.1:5000
 * Running on http://192.168.1.45:5000
2024-11-13 16:29:09,937 - INFO - [33mPress CTRL+C to quit[0m
2024-11-13 16:29:09,955 - INFO -  * Restarting with watchdog (windowsapi)
2024-11-13 16:29:11,411 - WARNING -  * Debugger is active!
2024-11-13 16:29:11,415 - INFO -  * Debugger PIN: 602-398-186
2024-11-13 16:35:29,707 - INFO - [31m[1mWARNING: This is a development server. Do not use it in a production deployment. Use a production WSGI server instead.[0m
 * Running on all addresses (0.0.0.0)
 * Running on http://127.0.0.1:5000
 * Running on http://192.168.1.45:5000
2024-11-13 16:35:29,708 - INFO - [33mPress CTRL+C to quit[0m
2024-11-13 16:35:29,720 - INFO -  * Restarting with watchdog (windowsapi)
2024-11-13 16:35:31,131 - WARNING -  * Debugger is active!
2024-11-13 16:35:31,135 - INFO -  * Debugger PIN: 602-398-186
2024-11-13 16:35:35,501 - INFO - Richiesta ricevuta: {'story': 'Sai il trucco per inventare una storia avvincente? Qualcuno ha rubato qualcosa al protagonista, oppure deve salvare una persona. Capito il trucco?'}
2024-11-13 16:35:39,674 - INFO - Risposta inviata: Sì, credo di capire cosa stai cercando di dire! Il trucco per inventare una storia avvincente è quello di creare un conflitto o una sfida per il protagonista, che lo porta a muoversi e a crescere in modo significativo. Ecco alcuni consigli per creare un conflitto interessante:

1. **Crea un protagonista con un obiettivo**: il tuo personaggio dovrebbe avere un obiettivo chiaro e ambasciativo, che lo spinge a prendere azioni e a superare ostacoli.
2. **Introduci un ostacolo o un antagonista**: il protagonista dovrebbe incontrare un ostacolo o un antagonista che gli impedisce di raggiungere il suo obiettivo. Questo ostacolo può essere una persona, un oggetto, un luogo o una situazione.
3. **Crea tensione e suspense**: il conflitto dovrebbe creare tensione e suspense, facendo in modo che il lettore si senta coinvolto e voglia di sapere cosa succederà prossimamente.
4. **Fai crescere il protagonista**: il protagonista dovrebbe crescere e imparare qualcosa di nuovo durante la storia, superando gli ostacoli e risolvendo i problemi.
5. **Crea un finale emozionante**: il finale dovrebbe essere emozionante e soddisfacente, con un risultato che lascia il lettore soddisfatto.

Ecco alcuni esempi di come applicare questi consigli:

* "Il protagonista perde il suo oggetto più prezioso e deve recuperarlo prima che cada nelle mani del nemico."
* "Il protagonista deve salvare una persona amata da un pericolo imminente."
* "Il protagonista scopre un segreto importante che lo porta a cambiare la sua vita per sempre."

Spero che questi consigli ti siano stati utili!
2024-11-13 16:35:39,675 - INFO - 127.0.0.1 - - [13/Nov/2024 16:35:39] "POST /get_suggestion HTTP/1.1" 200 -
2024-11-13 16:39:22,415 - INFO - [31m[1mWARNING: This is a development server. Do not use it in a production deployment. Use a production WSGI server instead.[0m
 * Running on all addresses (0.0.0.0)
 * Running on http://127.0.0.1:5000
 * Running on http://192.168.1.45:5000
2024-11-13 16:39:22,416 - INFO - [33mPress CTRL+C to quit[0m
2024-11-13 16:39:22,428 - INFO -  * Restarting with watchdog (windowsapi)
2024-11-13 16:39:24,497 - WARNING -  * Debugger is active!
2024-11-13 16:39:24,499 - INFO -  * Debugger PIN: 602-398-186
2024-11-13 16:39:24,549 - INFO - Richiesta ricevuta: {}
2024-11-13 16:39:24,588 - INFO - 127.0.0.1 - - [13/Nov/2024 16:39:24] "[33mPOST /send_choice HTTP/1.1[0m" 404 -
2024-11-13 16:39:25,260 - INFO - Risposta inviata: Is there something I can help you with?
2024-11-13 16:39:25,260 - INFO - 127.0.0.1 - - [13/Nov/2024 16:39:25] "POST /get_suggestion HTTP/1.1" 200 -
2024-11-13 16:39:27,710 - INFO - Richiesta ricevuta: {}
2024-11-13 16:39:28,261 - INFO - Risposta inviata: Is there something I can help you with?
2024-11-13 16:39:28,262 - INFO - 127.0.0.1 - - [13/Nov/2024 16:39:28] "POST /get_suggestion HTTP/1.1" 200 -
2024-11-13 16:46:32,658 - INFO - [31m[1mWARNING: This is a development server. Do not use it in a production deployment. Use a production WSGI server instead.[0m
 * Running on all addresses (0.0.0.0)
 * Running on http://127.0.0.1:5000
 * Running on http://192.168.1.45:5000
2024-11-13 16:46:32,658 - INFO - [33mPress CTRL+C to quit[0m
2024-11-13 16:46:32,675 - INFO -  * Restarting with watchdog (windowsapi)
2024-11-13 16:46:33,661 - INFO - Richiesta ricevuta: {}
2024-11-13 16:46:33,691 - INFO - Richiesta ricevuta: {'story': 'Sai il trucco per inventare una storia avvincente?\nQualcuno ha rubato qualcosa al protagonista, oppure\ndeve salvare una persona.\nCapito il trucco?...'}
2024-11-13 16:46:34,212 - WARNING -  * Debugger is active!
2024-11-13 16:46:34,226 - INFO -  * Debugger PIN: 602-398-186
2024-11-13 16:46:34,248 - INFO - Risposta inviata: Is there something I can help you with?
2024-11-13 16:46:34,248 - INFO - 127.0.0.1 - - [13/Nov/2024 16:46:34] "POST /get_suggestion HTTP/1.1" 200 -
2024-11-13 16:46:34,908 - INFO - Richiesta ricevuta: {}
2024-11-13 16:46:36,612 - INFO - Risposta inviata: Is there something I can help you with?
2024-11-13 16:46:36,613 - INFO - 127.0.0.1 - - [13/Nov/2024 16:46:36] "POST /get_suggestion HTTP/1.1" 200 -
2024-11-13 16:46:36,780 - INFO - Risposta inviata: Sì, ho capito il trucco! Il trucco per inventare una storia avvincente è di utilizzare un "conflicto" o un "problema" che il protagonista deve risolvere. Questo può essere una situazione di pericolo, una sfida, una perdita o un obiettivo da raggiungere.

In particolare, le due opzioni che hai menzionato sono due delle più comuni e classiche:

1. **Il ladro**: qualcuno ruba qualcosa al protagonista, creando un senso di perdita e di bisogno di recupero. Questo può essere un oggetto prezioso, un segreto, un'informazione o qualcos'altro di importante.
2. **La salvezza**: il protagonista deve salvare una persona o un gruppo di persone da un pericolo imminente. Questo può essere un nemico, un disastro naturale, una malattia o una situazione di emergenza.

Entrambe queste opzioni creano un senso di tensione e di urgenza, che possono tenere il lettore o lo spettatore coinvolti nella storia e motivati a scoprire cosa succederà. Il trucco è di creare un conflitto che sia abbastanza forte da essere credibile e interessante, ma non così difficile da risolvere che non sia possibile per il protagonista.

Altre opzioni possono essere:

* Un mistero da risolvere
* Un obiettivo da raggiungere
* Un segreto da scoprire
* Un nemico da sconfiggere
* Un cambiamento da affrontare

La chiave è di creare un conflitto che sia autentico e coinvolgente, e che tenga il lettore o lo spettatore interessato a scoprire cosa succederà.
2024-11-13 16:46:36,781 - INFO - 127.0.0.1 - - [13/Nov/2024 16:46:36] "POST /get_suggestion HTTP/1.1" 200 -
2024-11-13 16:46:55,409 - INFO - Richiesta ricevuta: {}
2024-11-13 16:46:55,907 - INFO - Risposta inviata: Is there something I can help you with?
2024-11-13 16:46:55,908 - INFO - 127.0.0.1 - - [13/Nov/2024 16:46:55] "POST /get_suggestion HTTP/1.1" 200 -
2024-11-13 16:47:05,758 - INFO - Richiesta ricevuta: {}
2024-11-13 16:47:06,263 - INFO - Risposta inviata: Is there something I can help you with?
2024-11-13 16:47:06,263 - INFO - 127.0.0.1 - - [13/Nov/2024 16:47:06] "POST /get_suggestion HTTP/1.1" 200 -
2024-11-13 16:48:49,851 - INFO - [31m[1mWARNING: This is a development server. Do not use it in a production deployment. Use a production WSGI server instead.[0m
 * Running on all addresses (0.0.0.0)
 * Running on http://127.0.0.1:5000
 * Running on http://192.168.1.45:5000
2024-11-13 16:48:49,852 - INFO - [33mPress CTRL+C to quit[0m
2024-11-13 16:48:49,861 - INFO -  * Restarting with watchdog (windowsapi)
2024-11-13 16:48:51,238 - WARNING -  * Debugger is active!
2024-11-13 16:48:51,241 - INFO -  * Debugger PIN: 602-398-186
2024-11-13 16:54:18,673 - INFO -  * Detected change in 'C:\\Users\\miche\\OneDrive\\Desktop\\Giovanni\\FlaskApp\\app.py', reloading
2024-11-13 16:54:18,675 - INFO -  * Detected change in 'C:\\Users\\miche\\OneDrive\\Desktop\\Giovanni\\FlaskApp\\app.py', reloading
2024-11-13 16:54:18,675 - INFO -  * Detected change in 'C:\\Users\\miche\\OneDrive\\Desktop\\Giovanni\\FlaskApp\\cafutrfx.du1~', reloading
2024-11-13 16:54:18,675 - INFO -  * Detected change in 'C:\\Users\\miche\\OneDrive\\Desktop\\Giovanni\\FlaskApp\\cafutrfx.du1~', reloading
2024-11-13 16:54:18,675 - INFO -  * Detected change in 'C:\\Users\\miche\\OneDrive\\Desktop\\Giovanni\\FlaskApp\\app.py', reloading
2024-11-13 16:54:18,675 - INFO -  * Detected change in 'C:\\Users\\miche\\OneDrive\\Desktop\\Giovanni\\FlaskApp\\app.py', reloading
2024-11-13 16:54:18,675 - INFO -  * Detected change in 'C:\\Users\\miche\\OneDrive\\Desktop\\Giovanni\\FlaskApp\\app.py', reloading
2024-11-13 16:54:18,675 - INFO -  * Detected change in 'C:\\Users\\miche\\OneDrive\\Desktop\\Giovanni\\FlaskApp\\cafutrfx.du1~', reloading
2024-11-13 16:54:18,678 - INFO -  * Detected change in 'C:\\Users\\miche\\OneDrive\\Desktop\\Giovanni\\FlaskApp\\app.py', reloading
2024-11-13 16:54:19,118 - INFO -  * Restarting with watchdog (windowsapi)
2024-11-13 16:54:20,901 - WARNING -  * Debugger is active!
2024-11-13 16:54:20,901 - INFO -  * Debugger PIN: 602-398-186
2024-11-13 17:01:52,366 - INFO - [31m[1mWARNING: This is a development server. Do not use it in a production deployment. Use a production WSGI server instead.[0m
 * Running on all addresses (0.0.0.0)
 * Running on http://127.0.0.1:5000
 * Running on http://192.168.1.45:5000
2024-11-13 17:01:52,367 - INFO - [33mPress CTRL+C to quit[0m
2024-11-13 17:01:52,384 - INFO -  * Restarting with watchdog (windowsapi)
2024-11-13 17:01:54,012 - WARNING -  * Debugger is active!
2024-11-13 17:01:54,020 - INFO -  * Debugger PIN: 602-398-186
2024-11-13 17:01:54,031 - INFO - Richiesta ricevuta: {}
2024-11-13 17:01:54,031 - ERROR - Campo 'story' mancante nella richiesta
2024-11-13 17:01:54,032 - INFO - 127.0.0.1 - - [13/Nov/2024 17:01:54] "[31m[1mPOST /get_suggestion HTTP/1.1[0m" 400 -
2024-11-13 17:01:54,062 - INFO - Richiesta ricevuta: {'choice': 'Sai il trucco per inventare una storia avvincente?\nQualcuno ha rubato qualcosa al protagonista, oppure\ndeve salvare una persona.\nCapito il trucco?...'}
2024-11-13 17:01:54,062 - ERROR - Campo 'story' mancante nella richiesta
2024-11-13 17:01:54,062 - INFO - 127.0.0.1 - - [13/Nov/2024 17:01:54] "[31m[1mPOST /get_suggestion HTTP/1.1[0m" 400 -
2024-11-13 17:01:57,491 - INFO - Richiesta ricevuta: {}
2024-11-13 17:01:57,491 - ERROR - Campo 'story' mancante nella richiesta
2024-11-13 17:01:57,491 - INFO - 127.0.0.1 - - [13/Nov/2024 17:01:57] "[31m[1mPOST /get_suggestion HTTP/1.1[0m" 400 -
2024-11-13 17:03:35,775 - INFO -  * Detected change in 'C:\\Users\\miche\\OneDrive\\Desktop\\Giovanni\\FlaskApp\\app.py', reloading
2024-11-13 17:03:35,775 - INFO -  * Detected change in 'C:\\Users\\miche\\OneDrive\\Desktop\\Giovanni\\FlaskApp\\be4br2uj.noc~', reloading
2024-11-13 17:03:35,775 - INFO -  * Detected change in 'C:\\Users\\miche\\OneDrive\\Desktop\\Giovanni\\FlaskApp\\be4br2uj.noc~', reloading
2024-11-13 17:03:35,775 - INFO -  * Detected change in 'C:\\Users\\miche\\OneDrive\\Desktop\\Giovanni\\FlaskApp\\app.py', reloading
2024-11-13 17:03:35,775 - INFO -  * Detected change in 'C:\\Users\\miche\\OneDrive\\Desktop\\Giovanni\\FlaskApp\\app.py', reloading
2024-11-13 17:03:36,287 - INFO -  * Restarting with watchdog (windowsapi)
2024-11-13 17:03:38,082 - WARNING -  * Debugger is active!
2024-11-13 17:03:38,086 - INFO -  * Debugger PIN: 602-398-186
2024-11-13 17:07:24,947 - INFO - Richiesta ricevuta: choice: , story: Sai il trucco per inventare una storia avvincente? Qualcuno ha rubato qualcosa al protagonista, oppure deve salvare una persona. Capito il trucco?
2024-11-13 17:07:28,168 - INFO - Risposta inviata: Sì, credo di capire il trucco! Il trucco per inventare una storia avvincente è quello di creare un conflitto o una sfida per il protagonista. Questo conflitto può essere rappresentato da vari elementi, come:

1. **La perdita di qualcosa di importante**: come ad esempio l'oggetto rubato al protagonista, come hai menzionato. Questo crea una motivazione per il protagonista per recuperare ciò che gli è stato rubato.
2. **La necessità di salvare qualcuno**: come hai detto, questo crea un senso di urgenza e di responsabilità per il protagonista, che deve agire velocemente per salvare la persona in pericolo.
3. **La sfida a superare un ostacolo**: il protagonista può dover superare un ostacolo o una sfida per raggiungere il suo obiettivo, come ad esempio una montagna da scalare, un mistero da risolvere o un nemico da sconfiggere.
4. **La scoperta di un segreto**: il protagonista può scoprire un segreto che lo porta a una serie di eventi avvincenti e a una sfida per risolvere la situazione.

Il trucco è quello di creare un conflitto che sia sufficientemente forte da tenere il lettore interessato, ma non così forte da essere insormontabile. Il protagonista deve avere una possibilità di successo, ma anche una buona dose di sfida e di incertezza.

Inoltre, è importante creare un protagonista credibile e relazionabile, con una storia e una motivazione che lo portino a prendere azioni coerenti con il conflitto. E non dimenticare di creare un climax e una risoluzione soddisfacenti per la storia!

Spero che queste idee ti siano state utili! Se hai altre domande o vuoi discutere ulteriormente, non esitare a chiedere.
2024-11-13 17:07:28,173 - INFO - 127.0.0.1 - - [13/Nov/2024 17:07:28] "POST /get_suggestion HTTP/1.1" 200 -
2024-11-13 17:07:33,950 - INFO - Richiesta ricevuta: choice: Sai il trucco per inventare una storia avvincente? Qualcuno ha rubato qualcosa al protagonista, oppure deve salvare una persona. Capito il trucco?, story: 
2024-11-13 17:07:37,007 - INFO - Risposta inviata: Sì, credo di capire cosa stai cercando di dire! Il trucco per inventare una storia avvincente è proprio quello di creare un conflitto o un problema per il protagonista, che deve poi risolvere o superare. Questo conflitto può essere di vario tipo, come ad esempio:

 * Un oggetto importante rubato: come hai detto, qualcuno ruba qualcosa di importante al protagonista, e lui deve recuperarlo.
 * Una persona in pericolo: il protagonista deve salvare una persona cara o un amico in pericolo.
 * Un obiettivo da raggiungere: il protagonista deve raggiungere un obiettivo importante, come salvare il mondo da un pericolo o risolvere un mistero.
 * Un conflitto interiore: il protagonista deve affrontare un conflitto interiore, come la lotta tra la sua coscienza e la sua passione per qualcosa.

Questo conflitto crea tensione e suspense, e il lettore è incuriosito di sapere come il protagonista riuscirà a superarlo. Inoltre, il conflitto può essere utilizzato per esplorare i personaggi e le loro motivazioni, e per creare una storia più profonda e significativa.

Ecco alcuni consigli per creare un conflitto interessante:

 * Fai in modo che il conflitto sia coerente con il personaggio e la storia.
 * Fai in modo che il conflitto sia sfidante, ma non impossibile da superare.
 * Fai in modo che il conflitto abbia implicazioni personali per il protagonista.
 * Fai in modo che il conflitto sia coinvolgente e interessante per il lettore.

Spero che questi consigli ti siano stati utili! Se hai altre domande o vuoi discutere ulteriormente, non esitare a chiedere.
2024-11-13 17:07:37,007 - INFO - 127.0.0.1 - - [13/Nov/2024 17:07:37] "POST /get_suggestion HTTP/1.1" 200 -
2024-11-13 17:07:53,770 - INFO - [31m[1mWARNING: This is a development server. Do not use it in a production deployment. Use a production WSGI server instead.[0m
 * Running on all addresses (0.0.0.0)
 * Running on http://127.0.0.1:5000
 * Running on http://192.168.1.45:5000
2024-11-13 17:07:53,770 - INFO - [33mPress CTRL+C to quit[0m
2024-11-13 17:07:53,786 - INFO -  * Restarting with watchdog (windowsapi)
2024-11-13 17:07:55,164 - INFO - Richiesta ricevuta: choice: , story: 
2024-11-13 17:07:55,195 - INFO - Richiesta ricevuta: choice: Sai il trucco per inventare una storia avvincente?
Qualcuno ha rubato qualcosa al protagonista, oppure
deve salvare una persona.
Capito il trucco?..., story: 
2024-11-13 17:07:55,196 - INFO - Richiesta ricevuta: choice: Sai il trucco per inventare una storia avvincente?
Qualcuno ha rubato qualcosa al protagonista, oppure
deve salvare una persona.
Capito il trucco?..., story:  Sai il trucco per inventare una storia avvincente?
Qualcuno ha rubato qualcosa al protagonista, oppure
deve salvare una persona.
Capito il trucco?...
2024-11-13 17:07:55,439 - WARNING -  * Debugger is active!
2024-11-13 17:07:55,454 - INFO -  * Debugger PIN: 602-398-186
2024-11-13 17:07:55,795 - INFO - Risposta inviata: Is there something I can help you with?
2024-11-13 17:07:55,795 - INFO - 127.0.0.1 - - [13/Nov/2024 17:07:55] "POST /get_suggestion HTTP/1.1" 200 -
2024-11-13 17:07:57,608 - INFO - Risposta inviata: Sì, capisco il trucco! Il trucco per inventare una storia avvincente è quello di utilizzare una delle due formule classiche:

1. **Il protagonista perde qualcosa di importante**: qualcuno ruba qualcosa al protagonista, come un oggetto prezioso, un segreto, un amico o una famiglia. Questo crea un senso di perdita e di urgenza, che spinge il protagonista a prendere azione per recuperare ciò che è stato rubato.
2. **Il protagonista deve salvare qualcuno**: il protagonista deve salvare una persona cara, come un amico, un familiare o un eroe. Questo crea un senso di responsabilità e di urgenza, che spinge il protagonista a prendere azione per salvare la persona in pericolo.

Entrambe queste formule creano un senso di tensione e di conflitto, che è essenziale per una storia avvincente. Il protagonista deve affrontare ostacoli e sfide per raggiungere il suo obiettivo, creando un percorso emozionante e coinvolgente per il lettore o lo spettatore.

Inoltre, queste formule possono essere combinate e modificate per creare storie più complesse e interessanti. Ad esempio, il protagonista potrebbe perdere qualcosa di importante e dover salvare una persona al tempo stesso. Questo crea un senso di doppia urgenza, che aumenta la tensione e la drammaticità della storia.
2024-11-13 17:07:57,609 - INFO - 127.0.0.1 - - [13/Nov/2024 17:07:57] "POST /get_suggestion HTTP/1.1" 200 -
2024-11-13 17:07:58,232 - INFO - Richiesta ricevuta: choice: , story: 
2024-11-13 17:07:58,824 - INFO - Risposta inviata: Is there something I can help you with?
2024-11-13 17:07:58,825 - INFO - 127.0.0.1 - - [13/Nov/2024 17:07:58] "POST /get_suggestion HTTP/1.1" 200 -
2024-11-13 17:08:00,377 - INFO - Risposta inviata: Sì, ho capito! Il trucco per inventare una storia avvincente è proprio quello di creare un conflitto o una situazione di emergenza per il protagonista. Questo può essere raggiunto in due modi principali:

1. **Il ladro o il nemico**: come hai detto, qualcuno ruba qualcosa al protagonista, creando un senso di perdita o di frustrazione. Questo può essere un oggetto importante, un segreto, o anche una persona cara.

2. **La persona in pericolo**: il protagonista deve salvare una persona, che può essere un amico, un familiare o anche se stesso. Questo crea un senso di urgenza e di responsabilità, che può portare il protagonista a compiere azioni coraggiose e a superare ostacoli.

In entrambi i casi, il conflitto crea tensione e suspense, che sono elementi fondamentali per una storia avvincente. Il protagonista deve quindi trovare una soluzione per risolvere la situazione, che può essere un viaggio di crescita personale, una sfida contro un nemico o una situazione di emergenza.

Altri elementi che possono aiutare a creare una storia avvincente includono:

- **Un mistero da risolvere**: il protagonista deve scoprire la verità dietro un evento o una situazione misteriosa.
- **Un obiettivo da raggiungere**: il protagonista deve raggiungere un obiettivo importante, come salvare il mondo o trovare un tesoro.
- **Un conflitto interno**: il protagonista deve affrontare un conflitto interno, come la sua stessa natura o le sue paure.

Spero che queste idee ti siano state utili per creare una storia avvincente!
2024-11-13 17:08:00,378 - INFO - 127.0.0.1 - - [13/Nov/2024 17:08:00] "POST /get_suggestion HTTP/1.1" 200 -
2024-11-13 17:09:27,219 - INFO - [31m[1mWARNING: This is a development server. Do not use it in a production deployment. Use a production WSGI server instead.[0m
 * Running on all addresses (0.0.0.0)
 * Running on http://127.0.0.1:5000
 * Running on http://192.168.1.45:5000
2024-11-13 17:09:27,219 - INFO - [33mPress CTRL+C to quit[0m
2024-11-13 17:09:27,229 - INFO -  * Restarting with watchdog (windowsapi)
2024-11-13 17:09:28,727 - WARNING -  * Debugger is active!
2024-11-13 17:09:28,730 - INFO -  * Debugger PIN: 602-398-186
2024-11-13 17:09:29,283 - INFO - Richiesta ricevuta: choice: , story: 
2024-11-13 17:09:29,304 - INFO - Richiesta ricevuta: choice: Sai il trucco per inventare una storia avvincente?
Qualcuno ha rubato qualcosa al protagonista, oppure
deve salvare una persona.
Capito il trucco?..., story: 
2024-11-13 17:09:29,305 - INFO - Richiesta ricevuta: choice: Sai il trucco per inventare una storia avvincente?
Qualcuno ha rubato qualcosa al protagonista, oppure
deve salvare una persona.
Capito il trucco?..., story:  Sai il trucco per inventare una storia avvincente?
Qualcuno ha rubato qualcosa al protagonista, oppure
deve salvare una persona.
Capito il trucco?...
2024-11-13 17:09:29,930 - INFO - Risposta inviata: Is there something I can help you with?
2024-11-13 17:09:29,931 - INFO - 127.0.0.1 - - [13/Nov/2024 17:09:29] "POST /get_suggestion HTTP/1.1" 200 -
2024-11-13 17:09:31,885 - INFO - Risposta inviata: Sì, capisco il trucco! Il trucco per inventare una storia avvincente è utilizzare un "conflicto" o un "obiettivo" che il protagonista deve raggiungere o superare. Questo conflitto può essere di due tipi:

1. **Il conflitto esterno**: qualcuno o qualcosa ruba qualcosa al protagonista, come ad esempio:
 * Un tesoro rubato
 * Un oggetto di grande valore
 * Un segreto importante
 * Un oggetto magico o potente

Esempi di storie con conflitto esterno:
 * "Il ladro di gioielli" (il protagonista deve recuperare un gioiello rubato)
 * "Il segreto della famiglia" (il protagonista deve scoprire un segreto importante rubato a suo padre)

2. **Il conflitto interno**: il protagonista deve salvare una persona o raggiungere un obiettivo, come ad esempio:
 * Salvare una persona in pericolo
 * Raggiungere un obiettivo importante
 * Sconfiggere un nemico

Esempi di storie con conflitto interno:
 * "Il salvataggio" (il protagonista deve salvare una persona in pericolo)
 * "La missione impossibile" (il protagonista deve raggiungere un obiettivo importante)

In entrambi i casi, il conflitto crea tensione e suspense, e il protagonista deve utilizzare le sue abilità e risorse per superare l'ostacolo e raggiungere il suo obiettivo. Questo è il trucco per inventare una storia avvincente!
2024-11-13 17:09:31,886 - INFO - 127.0.0.1 - - [13/Nov/2024 17:09:31] "POST /get_suggestion HTTP/1.1" 200 -
2024-11-13 17:09:33,850 - INFO - Richiesta ricevuta: choice: , story: 
2024-11-13 17:09:34,451 - INFO - Risposta inviata: Is there something I can help you with?
2024-11-13 17:09:34,452 - INFO - 127.0.0.1 - - [13/Nov/2024 17:09:34] "POST /get_suggestion HTTP/1.1" 200 -
2024-11-13 17:09:35,110 - INFO - Risposta inviata: Sì, ho capito! Il trucco per inventare una storia avvincente è quello di creare un conflitto o un problema per il protagonista, che lo porta a prendere azione e a superare ostacoli per raggiungere il suo obiettivo. Questo conflitto può essere di diverso tipo, come ad esempio:

1. **Il ladro**: come hai detto, qualcuno ruba qualcosa al protagonista, creando un senso di perdita e di necessità di recupero.
2. **La missione di salvataggio**: il protagonista deve salvare una persona in pericolo, creando un senso di urgenza e di responsabilità.
3. **La sfida**: il protagonista deve superare una sfida o un ostacolo, come un percorso difficile, un nemico formidabile o una prova difficile.
4. **La ricerca**: il protagonista deve trovare qualcosa o qualcuno, creando un senso di curiosità e di esplorazione.
5. **La vendetta**: il protagonista vuole vendicarsi di qualcuno o qualcosa, creando un senso di rabbia e di determinazione.

Questi conflitti possono essere combinati tra loro per creare una storia più complessa e interessante. Il trucco è quello di creare un conflitto che sia abbastanza forte da spingere il protagonista a prendere azione, ma non così forte da rendergli impossibile superare.

Inoltre, è importante creare un protagonista credibile e relazionabile, con una storia e una motivazione che lo portino a prendere azione. E non dimenticare di creare un ambiente e un contesto che siano coerenti con la storia e che creino un senso di immersione per il lettore o lo spettatore.
2024-11-13 17:09:35,110 - INFO - 127.0.0.1 - - [13/Nov/2024 17:09:35] "POST /get_suggestion HTTP/1.1" 200 -
2024-11-13 17:09:36,482 - INFO - Richiesta ricevuta: choice: Inserisci la tua scelta qui, story:  Sì, capisco il trucco! Il trucco per inventare una storia avvincente è utilizzare un "conflicto" o un "obiettivo" che il protagonista deve raggiungere o superare. Questo conflitto può essere di due tipi:

1. **Il conflitto esterno**: qualcuno o qualcosa ruba qualcosa al protagonista, come ad esempio:
 * Un tesoro rubato
 * Un oggetto di grande valore
 * Un segreto importante
 * Un oggetto magico o potente

Esempi di storie con conflitto esterno:
 * "Il ladro di gioielli" (il protagonista deve recuperare un gioiello rubato)
 * "Il segreto della famiglia" (il protagonista deve scoprire un segreto importante rubato a suo padre)

2. **Il conflitto interno**: il protagonista deve salvare una persona o raggiungere un obiettivo, come ad esempio:
 * Salvare una persona in pericolo
 * Raggiungere un obiettivo importante
 * Sconfiggere un nemico

Esempi di storie con conflitto interno:
 * "Il salvataggio" (il protagonista deve salvare una persona in pericolo)
 * "La missione impossibile" (il protagonista deve raggiungere un obiettivo importante)

In entrambi i casi, il conflitto crea tensione e suspense, e il protagonista deve utilizzare le sue abilità e risorse per superare l'ostacolo e raggiungere il suo obiettivo. Questo è il trucco per inventare una storia avvincente! Sì, ho capito! Il trucco per inventare una storia avvincente è quello di creare un conflitto o un problema per il protagonista, che lo porta a prendere azione e a superare ostacoli per raggiungere il suo obiettivo. Questo conflitto può essere di diverso tipo, come ad esempio:

1. **Il ladro**: come hai detto, qualcuno ruba qualcosa al protagonista, creando un senso di perdita e di necessità di recupero.
2. **La missione di salvataggio**: il protagonista deve salvare una persona in pericolo, creando un senso di urgenza e di responsabilità.
3. **La sfida**: il protagonista deve superare una sfida o un ostacolo, come un percorso difficile, un nemico formidabile o una prova difficile.
4. **La ricerca**: il protagonista deve trovare qualcosa o qualcuno, creando un senso di curiosità e di esplorazione.
5. **La vendetta**: il protagonista vuole vendicarsi di qualcuno o qualcosa, creando un senso di rabbia e di determinazione.

Questi conflitti possono essere combinati tra loro per creare una storia più complessa e interessante. Il trucco è quello di creare un conflitto che sia abbastanza forte da spingere il protagonista a prendere azione, ma non così forte da rendergli impossibile superare.

Inoltre, è importante creare un protagonista credibile e relazionabile, con una storia e una motivazione che lo portino a prendere azione. E non dimenticare di creare un ambiente e un contesto che siano coerenti con la storia e che creino un senso di immersione per il lettore o lo spettatore.
2024-11-13 17:09:37,386 - INFO - Risposta inviata: Sì, ho capito! Il trucco per inventare una storia avvincente è quello di creare un conflitto o un problema per il protagonista, che lo porta a prendere azione e a superare ostacoli per raggiungere il suo obiettivo.
2024-11-13 17:09:37,387 - INFO - 127.0.0.1 - - [13/Nov/2024 17:09:37] "POST /get_suggestion HTTP/1.1" 200 -
2024-11-13 17:12:15,963 - INFO - [31m[1mWARNING: This is a development server. Do not use it in a production deployment. Use a production WSGI server instead.[0m
 * Running on all addresses (0.0.0.0)
 * Running on http://127.0.0.1:5000
 * Running on http://192.168.1.45:5000
2024-11-13 17:12:15,963 - INFO - [33mPress CTRL+C to quit[0m
2024-11-13 17:12:15,986 - INFO -  * Restarting with watchdog (windowsapi)
2024-11-13 17:12:17,220 - INFO - Richiesta ricevuta: choice: , story: 
2024-11-13 17:12:17,253 - INFO - Richiesta ricevuta: choice: Sai il trucco per inventare una storia avvincente?
Qualcuno ha rubato qualcosa al protagonista, oppure
deve salvare una persona.
Capito il trucco?..., story: 
2024-11-13 17:12:17,263 - INFO - Richiesta ricevuta: choice: Sai il trucco per inventare una storia avvincente?
Qualcuno ha rubato qualcosa al protagonista, oppure
deve salvare una persona.
Capito il trucco?..., story:  Sai il trucco per inventare una storia avvincente?
Qualcuno ha rubato qualcosa al protagonista, oppure
deve salvare una persona.
Capito il trucco?...
2024-11-13 17:12:17,564 - WARNING -  * Debugger is active!
2024-11-13 17:12:17,571 - INFO -  * Debugger PIN: 602-398-186
2024-11-13 17:12:17,648 - INFO - Risposta inviata: Is there something I can help you with?
2024-11-13 17:12:17,649 - INFO - 127.0.0.1 - - [13/Nov/2024 17:12:17] "POST /get_suggestion HTTP/1.1" 200 -
2024-11-13 17:12:19,779 - INFO - Risposta inviata: Sì, capisco il trucco! Il trucco per inventare una storia avvincente è di utilizzare un conflitto o un problema che il protagonista deve risolvere. Due delle strategie più comuni per creare questo conflitto sono:

1. **Il ladro**: qualcuno ruba qualcosa al protagonista, come ad esempio un oggetto importante, un segreto o un oggetto magico. Il protagonista deve quindi inseguire il ladro e recuperare ciò che è stato rubato.
2. **La missione di salvataggio**: il protagonista deve salvare una persona in pericolo, come ad esempio un amico, un familiare o un eroe. Il protagonista deve quindi affrontare ostacoli e sfide per raggiungere la persona in pericolo e salvarla.

Queste strategie creano un conflitto che tiene il lettore o lo spettatore interessato e incuriosito, poiché vuole sapere cosa succederà al protagonista e come riuscirà a risolvere il problema.

Altre strategie possono includere:

* Un mistero da risolvere
* Un obiettivo da raggiungere
* Un nemico da sconfiggere
* Un segreto da scoprire

Il trucco è trovare un conflitto che sia interessante e credibile per il tuo personaggio e il tuo mondo di storia, e poi costruire una trama che tenga il lettore o lo spettatore incuriosito fino alla fine.
2024-11-13 17:12:19,780 - INFO - 127.0.0.1 - - [13/Nov/2024 17:12:19] "POST /get_suggestion HTTP/1.1" 200 -
2024-11-13 17:12:19,845 - INFO - Richiesta ricevuta: choice: Inserisci la tua scelta qui, story:  Sì, capisco il trucco! Il trucco per inventare una storia avvincente è di utilizzare un conflitto o un problema che il protagonista deve risolvere. Due delle strategie più comuni per creare questo conflitto sono:

1. **Il ladro**: qualcuno ruba qualcosa al protagonista, come ad esempio un oggetto importante, un segreto o un oggetto magico. Il protagonista deve quindi inseguire il ladro e recuperare ciò che è stato rubato.
2. **La missione di salvataggio**: il protagonista deve salvare una persona in pericolo, come ad esempio un amico, un familiare o un eroe. Il protagonista deve quindi affrontare ostacoli e sfide per raggiungere la persona in pericolo e salvarla.

Queste strategie creano un conflitto che tiene il lettore o lo spettatore interessato e incuriosito, poiché vuole sapere cosa succederà al protagonista e come riuscirà a risolvere il problema.

Altre strategie possono includere:

* Un mistero da risolvere
* Un obiettivo da raggiungere
* Un nemico da sconfiggere
* Un segreto da scoprire

Il trucco è trovare un conflitto che sia interessante e credibile per il tuo personaggio e il tuo mondo di storia, e poi costruire una trama che tenga il lettore o lo spettatore incuriosito fino alla fine.
2024-11-13 17:12:20,395 - INFO - Risposta inviata: Sì, capisco il trucco! Il trucco per inventare una storia avvincente è di utilizzare un conflitto o un problema che il protagonista deve risolvere.
2024-11-13 17:12:20,396 - INFO - 127.0.0.1 - - [13/Nov/2024 17:12:20] "POST /get_suggestion HTTP/1.1" 200 -
2024-11-13 17:12:20,841 - INFO - Richiesta ricevuta: choice: , story: 
2024-11-13 17:12:22,394 - INFO - Risposta inviata: Sì, ho capito il trucco! Il trucco per inventare una storia avvincente è utilizzare una delle due strutture narrative seguenti:

1. **La ricerca del tesoro o l'oggetto rubato**: il protagonista perde qualcosa di importante (ad esempio, un oggetto prezioso, un segreto, un oggetto magico) e deve cercare di recuperarlo. Questo crea un senso di tensione e motivazione per il protagonista, che deve affrontare ostacoli e sfide per raggiungere il suo obiettivo.
2. **La missione di salvataggio**: il protagonista deve salvare una persona o un gruppo di persone in pericolo. Questo crea un senso di urgenza e di responsabilità per il protagonista, che deve prendere decisioni rapide e coraggiose per proteggere la persona o il gruppo in pericolo.

Queste due strutture narrative sono molto comuni e possono essere utilizzate in molti contesti diversi, come romanzi, film, serie TV, giochi ecc. Sono anche molto efficaci per catturare l'attenzione del lettore o dello spettatore e creare una storia avvincente e coinvolgente.

Ecco alcuni esempi di storie che utilizzano queste strutture narrative:

* "Il Signore degli Anelli" di J.R.R. Tolkien (la ricerca del tesoro: il Ringo)
* "Il Cavaliere Oscuro" di Christopher Nolan (la missione di salvataggio: Batman deve salvare Gotham City)
* "Indiana Jones" (la ricerca del tesoro: Indiana Jones cerca di recuperare l'Arca di Noè)
* "Mission: Impossible" (la missione di salvataggio: Ethan Hunt deve salvare il mondo da una minaccia globale)

Spero che questo ti sia stato utile!
2024-11-13 17:12:22,394 - INFO - 127.0.0.1 - - [13/Nov/2024 17:12:22] "POST /get_suggestion HTTP/1.1" 200 -
2024-11-13 17:12:22,612 - INFO - Risposta inviata: Is there something I can help you with?
2024-11-13 17:12:22,613 - INFO - 127.0.0.1 - - [13/Nov/2024 17:12:22] "POST /get_suggestion HTTP/1.1" 200 -
2024-11-13 17:12:24,835 - INFO - Richiesta ricevuta: choice: Inserisci la tua scelta qui, story:  Sì, capisco il trucco! Il trucco per inventare una storia avvincente è di utilizzare un conflitto o un problema che il protagonista deve risolvere. Due delle strategie più comuni per creare questo conflitto sono:

1. **Il ladro**: qualcuno ruba qualcosa al protagonista, come ad esempio un oggetto importante, un segreto o un oggetto magico. Il protagonista deve quindi inseguire il ladro e recuperare ciò che è stato rubato.
2. **La missione di salvataggio**: il protagonista deve salvare una persona in pericolo, come ad esempio un amico, un familiare o un eroe. Il protagonista deve quindi affrontare ostacoli e sfide per raggiungere la persona in pericolo e salvarla.

Queste strategie creano un conflitto che tiene il lettore o lo spettatore interessato e incuriosito, poiché vuole sapere cosa succederà al protagonista e come riuscirà a risolvere il problema.

Altre strategie possono includere:

* Un mistero da risolvere
* Un obiettivo da raggiungere
* Un nemico da sconfiggere
* Un segreto da scoprire

Il trucco è trovare un conflitto che sia interessante e credibile per il tuo personaggio e il tuo mondo di storia, e poi costruire una trama che tenga il lettore o lo spettatore incuriosito fino alla fine. Sì, capisco il trucco! Il trucco per inventare una storia avvincente è di utilizzare un conflitto o un problema che il protagonista deve risolvere. Sì, ho capito il trucco! Il trucco per inventare una storia avvincente è utilizzare una delle due strutture narrative seguenti:

1. **La ricerca del tesoro o l'oggetto rubato**: il protagonista perde qualcosa di importante (ad esempio, un oggetto prezioso, un segreto, un oggetto magico) e deve cercare di recuperarlo. Questo crea un senso di tensione e motivazione per il protagonista, che deve affrontare ostacoli e sfide per raggiungere il suo obiettivo.
2. **La missione di salvataggio**: il protagonista deve salvare una persona o un gruppo di persone in pericolo. Questo crea un senso di urgenza e di responsabilità per il protagonista, che deve prendere decisioni rapide e coraggiose per proteggere la persona o il gruppo in pericolo.

Queste due strutture narrative sono molto comuni e possono essere utilizzate in molti contesti diversi, come romanzi, film, serie TV, giochi ecc. Sono anche molto efficaci per catturare l'attenzione del lettore o dello spettatore e creare una storia avvincente e coinvolgente.

Ecco alcuni esempi di storie che utilizzano queste strutture narrative:

* "Il Signore degli Anelli" di J.R.R. Tolkien (la ricerca del tesoro: il Ringo)
* "Il Cavaliere Oscuro" di Christopher Nolan (la missione di salvataggio: Batman deve salvare Gotham City)
* "Indiana Jones" (la ricerca del tesoro: Indiana Jones cerca di recuperare l'Arca di Noè)
* "Mission: Impossible" (la missione di salvataggio: Ethan Hunt deve salvare il mondo da una minaccia globale)

Spero che questo ti sia stato utile!
2024-11-13 17:12:25,526 - INFO - Risposta inviata: Sì, capisco il trucco! Il trucco per inventare una storia avvincente è di utilizzare un conflitto o un problema che il protagonista deve risolvere.
2024-11-13 17:12:25,528 - INFO - 127.0.0.1 - - [13/Nov/2024 17:12:25] "POST /get_suggestion HTTP/1.1" 200 -
